{
  "stats": {
    "suites": 0,
    "tests": 1,
    "passes": 0,
    "pending": 0,
    "failures": 1,
    "start": "2023-01-10T20:35:15.076Z",
    "end": "2023-01-10T20:35:19.514Z",
    "duration": 4438,
    "testsRegistered": 1,
    "passPercent": 0,
    "pendingPercent": 0,
    "other": 0,
    "hasOther": false,
    "skipped": 0,
    "hasSkipped": false
  },
  "results": [
    {
      "uuid": "ff1bfe4e-a590-4959-9030-c3b0c3714087",
      "title": "",
      "fullFile": "cypress\\e2e\\grabTextAsynNature.cy.js",
      "file": "cypress\\e2e\\grabTextAsynNature.cy.js",
      "beforeHooks": [],
      "afterHooks": [],
      "tests": [
        {
          "title": "Cypress Grab Text",
          "fullTitle": "Cypress Grab Text",
          "timedOut": null,
          "duration": 2688,
          "state": "failed",
          "speed": null,
          "pass": false,
          "fail": true,
          "pending": false,
          "context": null,
          "code": "cy.visit('https://rahulshettyacademy.com/seleniumPractise/#/');\ncy.get('.search-keyword').type('ca');\ncy.get('.products').as('productList');\ncy.get('@productList').find('.product').eq(1).contains('ADD TO CART').click(); // var text=cy.get('.brand')..//need to resolve the promise\n// cy.log(text.text());       //text() is not a cypress command SO we can't concatenate with cypress command\n// var tex=cy.get('.brand').text()..//gives error as cy.get()..text() is not a function\n// cy.log(tex)                      // So we need to resolve the promise by using .then() function.\ncy.get('.brand').then(function (val) {\n  //resolving the promise with .then()\n  cy.log(val.text());\n});\ncy.get('.brand').then(any => {\n  cy.log(any.text());\n});\ncy.get('@productList').find('.product').each(($el, index, list) => {\n  const text = $el.find('h4.product-name').text();\n  if (text.includes('Capsicum')) {\n    cy.log(text);\n    $el.find('button').trigger(click());\n  }\n});",
          "err": {
            "message": "ReferenceError: click is not defined",
            "estack": "ReferenceError: click is not defined\n    at Context.eval (https://rahulshettyacademy.com/__cypress/tests?p=cypress\\e2e\\grabTextAsynNature.cy.js:120:25)",
            "diff": null
          },
          "uuid": "1371c5a3-71bb-4ae0-beec-fc3e3bcd17cb",
          "parentUUID": "ff1bfe4e-a590-4959-9030-c3b0c3714087",
          "isHook": false,
          "skipped": false
        }
      ],
      "suites": [],
      "passes": [],
      "failures": [
        "1371c5a3-71bb-4ae0-beec-fc3e3bcd17cb"
      ],
      "pending": [],
      "skipped": [],
      "duration": 2688,
      "root": true,
      "rootEmpty": false,
      "_timeout": 2000
    }
  ],
  "meta": {
    "mocha": {
      "version": "7.0.1"
    },
    "mochawesome": {
      "options": {
        "quiet": false,
        "reportFilename": "mochawesome",
        "saveHtml": false,
        "saveJson": true,
        "consoleReporter": "spec",
        "useInlineDiffs": false,
        "code": true
      },
      "version": "7.1.3"
    },
    "marge": {
      "options": {
        "charts": true,
        "overwrite": false,
        "html": false,
        "json": true,
        "reportDir": "cypress/reports"
      },
      "version": "6.2.0"
    }
  }
}