{
  "stats": {
    "suites": 0,
    "tests": 2,
    "passes": 2,
    "pending": 0,
    "failures": 0,
    "start": "2022-07-24T19:18:02.099Z",
    "end": "2022-07-24T19:18:12.229Z",
    "duration": 10130,
    "testsRegistered": 2,
    "passPercent": 100,
    "pendingPercent": 0,
    "other": 0,
    "hasOther": false,
    "skipped": 0,
    "hasSkipped": false
  },
  "results": [
    {
      "uuid": "d6a598e6-fdb3-4b22-b115-fb190ff7f84c",
      "title": "",
      "fullFile": "cypress\\e2e\\implictandecplicitassertions.cy.js",
      "file": "cypress\\e2e\\implictandecplicitassertions.cy.js",
      "beforeHooks": [],
      "afterHooks": [],
      "tests": [
        {
          "title": "implictAssertions",
          "fullTitle": "implictAssertions",
          "timedOut": null,
          "duration": 4060,
          "state": "passed",
          "speed": "fast",
          "pass": true,
          "fail": false,
          "pending": false,
          "context": null,
          "code": "cy.visit('https://example.cypress.io/');\ncy.contains('get').click();\ncy.get('#query-btn').should('contain.text', 'Button').should('be.enabled');",
          "err": {},
          "uuid": "b5c959c7-048d-461c-a347-bc20a47507ba",
          "parentUUID": "d6a598e6-fdb3-4b22-b115-fb190ff7f84c",
          "isHook": false,
          "skipped": false
        },
        {
          "title": "explicitAssertions",
          "fullTitle": "explicitAssertions",
          "timedOut": null,
          "duration": 1705,
          "state": "passed",
          "speed": "fast",
          "pass": true,
          "fail": false,
          "pending": false,
          "context": null,
          "code": "cy.visit('https://example.cypress.io/');\ncy.contains('get').click();\nexpect(true).to.be.true;\nlet name = 'sudh';\nexpect(name).to.be.equal('sudh');\nassert.equal(name, 'sudh', 'Not Equal');",
          "err": {},
          "uuid": "056c6745-122d-42e1-8499-96d82a09ca40",
          "parentUUID": "d6a598e6-fdb3-4b22-b115-fb190ff7f84c",
          "isHook": false,
          "skipped": false
        }
      ],
      "suites": [],
      "passes": [
        "b5c959c7-048d-461c-a347-bc20a47507ba",
        "056c6745-122d-42e1-8499-96d82a09ca40"
      ],
      "failures": [],
      "pending": [],
      "skipped": [],
      "duration": 5765,
      "root": true,
      "rootEmpty": false,
      "_timeout": 2000
    }
  ],
  "meta": {
    "mocha": {
      "version": "7.0.1"
    },
    "mochawesome": {
      "options": {
        "quiet": false,
        "reportFilename": "mochawesome",
        "saveHtml": false,
        "saveJson": true,
        "consoleReporter": "spec",
        "useInlineDiffs": false,
        "code": true
      },
      "version": "7.1.3"
    },
    "marge": {
      "options": {
        "charts": true,
        "overwrite": false,
        "html": false,
        "json": true,
        "reportDir": "cypress/reports"
      },
      "version": "6.2.0"
    }
  }
}