{
  "stats": {
    "suites": 1,
    "tests": 2,
    "passes": 0,
    "pending": 0,
    "failures": 2,
    "start": "2023-01-16T19:24:19.316Z",
    "end": "2023-01-16T19:24:42.288Z",
    "duration": 22972,
    "testsRegistered": 2,
    "passPercent": 0,
    "pendingPercent": 0,
    "other": 0,
    "hasOther": false,
    "skipped": 0,
    "hasSkipped": false
  },
  "results": [
    {
      "uuid": "1774d469-93bf-46b9-a7ef-a58ec1f44aff",
      "title": "",
      "fullFile": "cypress\\e2e\\hooks_Fixture_CustomCommands_multiple ElementSelect.js",
      "file": "cypress\\e2e\\hooks_Fixture_CustomCommands_multiple ElementSelect.js",
      "beforeHooks": [],
      "afterHooks": [],
      "tests": [],
      "suites": [
        {
          "uuid": "c128335f-92e2-44a6-b97e-158660e4db18",
          "title": "fixture and hooks validation",
          "fullFile": "",
          "file": "",
          "beforeHooks": [],
          "afterHooks": [],
          "tests": [
            {
              "title": "fixture validation",
              "fullTitle": "fixture and hooks validation fixture validation",
              "timedOut": null,
              "duration": 5499,
              "state": "failed",
              "speed": null,
              "pass": false,
              "fail": true,
              "pending": false,
              "context": null,
              "code": "cy.get('input[name=name]:nth-child(2)').type(this.data.name);\ncy.get('input[name=email]').type(this.data.email);\ncy.wait(5000);",
              "err": {
                "message": "AssertionError: Timed out retrying after 5000ms: Expected to find element: `input[name=name]:nth-child(2)`, but never found it.",
                "estack": "AssertionError: Timed out retrying after 5000ms: Expected to find element: `input[name=name]:nth-child(2)`, but never found it.\n    at Context.eval (http://localhost:52497/__cypress/tests?p=cypress\\e2e\\hooks_Fixture_CustomCommands_multiple%20ElementSelect.js:107:8)",
                "diff": null
              },
              "uuid": "bb6319b5-ea01-41f1-8584-14360107a2ec",
              "parentUUID": "c128335f-92e2-44a6-b97e-158660e4db18",
              "isHook": false,
              "skipped": false
            },
            {
              "title": "fixture",
              "fullTitle": "fixture and hooks validation fixture",
              "timedOut": null,
              "duration": 6399,
              "state": "failed",
              "speed": null,
              "pass": false,
              "fail": true,
              "pending": false,
              "context": null,
              "code": "Cypress.config('defaultCommandTimeout', 6000);\ncy.get('select').select('Female');\ncy.get(':nth-child(2) > .nav-link').click(); //const array1 = ['a', 'b', 'c'];\n//array1.forEach(element => console.log(element));\n// expected output: \"a\"\n// expected output: \"b\"\n// expected output: \"c\"\nthis.data.productName.forEach(element => {\n  cy.selectProduct(element);\n});\nvar sum = 0;\ncy.get('#navbarResponsive > .navbar-nav > .nav-item > .nav-link').click();\ncy.get('tr td:nth-child(4)> strong').each((el, index, list) => {\n  var amount = el.text();\n  var res = amount.split(\" \");\n  var re = res[1].trim();\n  sum = Number(sum) + Number(re); //cy.log(sum) //Javascript is asynchronous so it will print 0, need to handle promise\n}).then(function () {\n  cy.log(sum);\n});\ncy.get('h3 strong').then(ele => {\n  var value = ele.text();\n  var val = value.split(\" \");\n  var total = val[1].trim();\n  expect(Number(total)).to.be.equal(sum);\n});\ncy.get(':nth-child(4) > :nth-child(5) > .btn').click();\ncy.get('#country').type('India');\ncy.get('.suggestions > ul > li > a').click();\ncy.get('#checkbox2').click({\n  force: true\n});\ncy.get(\"input[type='submit']\").click();\ncy.get('.alert').then(text => {\n  var alertText = text.text();\n  expect(alertText.includes('Success! Thank you! ')).to.be.true;\n});",
              "err": {
                "message": "AssertionError: Timed out retrying after 6000ms: Expected to find element: `select`, but never found it.",
                "estack": "AssertionError: Timed out retrying after 6000ms: Expected to find element: `select`, but never found it.\n    at Context.eval (http://localhost:52497/__cypress/tests?p=cypress\\e2e\\hooks_Fixture_CustomCommands_multiple%20ElementSelect.js:113:8)",
                "diff": null
              },
              "uuid": "cf71d8b3-defc-4c1f-8958-abe835768139",
              "parentUUID": "c128335f-92e2-44a6-b97e-158660e4db18",
              "isHook": false,
              "skipped": false
            }
          ],
          "suites": [],
          "passes": [],
          "failures": [
            "bb6319b5-ea01-41f1-8584-14360107a2ec",
            "cf71d8b3-defc-4c1f-8958-abe835768139"
          ],
          "pending": [],
          "skipped": [],
          "duration": 11898,
          "root": false,
          "rootEmpty": false,
          "_timeout": 2000
        }
      ],
      "passes": [],
      "failures": [],
      "pending": [],
      "skipped": [],
      "duration": 0,
      "root": true,
      "rootEmpty": true,
      "_timeout": 2000
    }
  ],
  "meta": {
    "mocha": {
      "version": "7.0.1"
    },
    "mochawesome": {
      "options": {
        "quiet": false,
        "reportFilename": "mochawesome",
        "saveHtml": false,
        "saveJson": true,
        "consoleReporter": "spec",
        "useInlineDiffs": false,
        "code": true
      },
      "version": "7.1.3"
    },
    "marge": {
      "options": {
        "charts": true,
        "overwrite": false,
        "html": false,
        "json": true
      },
      "version": "6.2.0"
    }
  }
}