{
  "stats": {
    "suites": 0,
    "tests": 2,
    "passes": 2,
    "pending": 0,
    "failures": 0,
    "start": "2023-01-16T19:24:49.072Z",
    "end": "2023-01-16T19:25:00.078Z",
    "duration": 11006,
    "testsRegistered": 2,
    "passPercent": 100,
    "pendingPercent": 0,
    "other": 0,
    "hasOther": false,
    "skipped": 0,
    "hasSkipped": false
  },
  "results": [
    {
      "uuid": "f33738dd-05ed-4e9d-8ef9-28b12c5ec2f4",
      "title": "",
      "fullFile": "cypress\\e2e\\implictandecplicitassertions.cy.js",
      "file": "cypress\\e2e\\implictandecplicitassertions.cy.js",
      "beforeHooks": [],
      "afterHooks": [],
      "tests": [
        {
          "title": "implictAssertions",
          "fullTitle": "implictAssertions",
          "timedOut": null,
          "duration": 5193,
          "state": "passed",
          "speed": "medium",
          "pass": true,
          "fail": false,
          "pending": false,
          "context": null,
          "code": "cy.visit('https://example.cypress.io/');\ncy.contains('get').click();\ncy.get('#query-btn').should('contain.text', 'Button').should('be.enabled');",
          "err": {},
          "uuid": "3b9d34a2-35f3-4a64-bad9-802dcd289afd",
          "parentUUID": "f33738dd-05ed-4e9d-8ef9-28b12c5ec2f4",
          "isHook": false,
          "skipped": false
        },
        {
          "title": "explicitAssertions",
          "fullTitle": "explicitAssertions",
          "timedOut": null,
          "duration": 931,
          "state": "passed",
          "speed": "fast",
          "pass": true,
          "fail": false,
          "pending": false,
          "context": null,
          "code": "cy.visit('https://example.cypress.io/');\ncy.contains('get').click();\nexpect(true).to.be.true;\nlet name = 'sudh';\nexpect(name).to.be.equal('sudh');\nassert.equal(name, 'sudh', 'Not Equal');",
          "err": {},
          "uuid": "c00f4af3-3007-4509-a141-279df27b9d19",
          "parentUUID": "f33738dd-05ed-4e9d-8ef9-28b12c5ec2f4",
          "isHook": false,
          "skipped": false
        }
      ],
      "suites": [],
      "passes": [
        "3b9d34a2-35f3-4a64-bad9-802dcd289afd",
        "c00f4af3-3007-4509-a141-279df27b9d19"
      ],
      "failures": [],
      "pending": [],
      "skipped": [],
      "duration": 6124,
      "root": true,
      "rootEmpty": false,
      "_timeout": 2000
    }
  ],
  "meta": {
    "mocha": {
      "version": "7.0.1"
    },
    "mochawesome": {
      "options": {
        "quiet": false,
        "reportFilename": "mochawesome",
        "saveHtml": false,
        "saveJson": true,
        "consoleReporter": "spec",
        "useInlineDiffs": false,
        "code": true
      },
      "version": "7.1.3"
    },
    "marge": {
      "options": {
        "charts": true,
        "overwrite": false,
        "html": false,
        "json": true
      },
      "version": "6.2.0"
    }
  }
}