{
  "stats": {
    "suites": 1,
    "tests": 1,
    "passes": 1,
    "pending": 0,
    "failures": 0,
    "start": "2023-01-16T19:23:45.205Z",
    "end": "2023-01-16T19:23:57.001Z",
    "duration": 11796,
    "testsRegistered": 1,
    "passPercent": 100,
    "pendingPercent": 0,
    "other": 0,
    "hasOther": false,
    "skipped": 0,
    "hasSkipped": false
  },
  "results": [
    {
      "uuid": "4874d8b3-892c-422d-bb80-89c16aed2b6c",
      "title": "",
      "fullFile": "cypress\\e2e\\frameHandle.cy.js",
      "file": "cypress\\e2e\\frameHandle.cy.js",
      "beforeHooks": [],
      "afterHooks": [],
      "tests": [],
      "suites": [
        {
          "uuid": "5465b113-ae4f-4ff8-aab4-1df9541b75e8",
          "title": "i-frame validation",
          "fullFile": "",
          "file": "",
          "beforeHooks": [],
          "afterHooks": [],
          "tests": [
            {
              "title": "i-frame",
              "fullTitle": "i-frame validation i-frame",
              "timedOut": null,
              "duration": 7659,
              "state": "passed",
              "speed": "medium",
              "pass": true,
              "fail": false,
              "pending": false,
              "context": null,
              "code": "cy.visit('https://rahulshettyacademy.com/AutomationPractice');\ncy.frameLoaded('#courses-iframe');\ncy.iframe().find('.btn-theme.btn-sm').click();",
              "err": {},
              "uuid": "21588e0c-8571-47db-8439-9851c9af5ce1",
              "parentUUID": "5465b113-ae4f-4ff8-aab4-1df9541b75e8",
              "isHook": false,
              "skipped": false
            }
          ],
          "suites": [],
          "passes": [
            "21588e0c-8571-47db-8439-9851c9af5ce1"
          ],
          "failures": [],
          "pending": [],
          "skipped": [],
          "duration": 7659,
          "root": false,
          "rootEmpty": false,
          "_timeout": 2000
        }
      ],
      "passes": [],
      "failures": [],
      "pending": [],
      "skipped": [],
      "duration": 0,
      "root": true,
      "rootEmpty": true,
      "_timeout": 2000
    }
  ],
  "meta": {
    "mocha": {
      "version": "7.0.1"
    },
    "mochawesome": {
      "options": {
        "quiet": false,
        "reportFilename": "mochawesome",
        "saveHtml": false,
        "saveJson": true,
        "consoleReporter": "spec",
        "useInlineDiffs": false,
        "code": true
      },
      "version": "7.1.3"
    },
    "marge": {
      "options": {
        "charts": true,
        "overwrite": false,
        "html": false,
        "json": true
      },
      "version": "6.2.0"
    }
  }
}