{
  "stats": {
    "suites": 1,
    "tests": 4,
    "passes": 4,
    "pending": 0,
    "failures": 0,
    "start": "2023-01-16T19:22:48.810Z",
    "end": "2023-01-16T19:23:16.752Z",
    "duration": 27942,
    "testsRegistered": 4,
    "passPercent": 100,
    "pendingPercent": 0,
    "other": 0,
    "hasOther": false,
    "skipped": 0,
    "hasSkipped": false
  },
  "results": [
    {
      "uuid": "9eda8e3c-0aee-4c30-884a-c169d83a1bc2",
      "title": "",
      "fullFile": "cypress\\e2e\\alertPopup_ChildTab_WebTables.cy.js",
      "file": "cypress\\e2e\\alertPopup_ChildTab_WebTables.cy.js",
      "beforeHooks": [],
      "afterHooks": [],
      "tests": [],
      "suites": [
        {
          "uuid": "ecbd23db-cadd-4373-b8f7-697716a81b1a",
          "title": "Handle Alert Popup and Child Window",
          "fullFile": "",
          "file": "",
          "beforeHooks": [],
          "afterHooks": [],
          "tests": [
            {
              "title": "Validate alert",
              "fullTitle": "Handle Alert Popup and Child Window Validate alert",
              "timedOut": null,
              "duration": 10531,
              "state": "passed",
              "speed": "slow",
              "pass": true,
              "fail": false,
              "pending": false,
              "context": null,
              "code": "cy.get('#alertbtn').click(); //cypress auto handles the alert \n//how to verify the alert text\ncy.on('window:alert', function (str) {\n  expect(str).to.equal('Hello , share this practice page and share your knowledge');\n});\ncy.get('#confirmbtn').click();\ncy.on('window:confirm', text => {\n  expect(text).equal('Hello , Are you sure you want to confirm?');\n});",
              "err": {},
              "uuid": "f4ec0c74-0f72-4071-8555-851e3faccec1",
              "parentUUID": "ecbd23db-cadd-4373-b8f7-697716a81b1a",
              "isHook": false,
              "skipped": false
            },
            {
              "title": "Handle Tab",
              "fullTitle": "Handle Alert Popup and Child Window Handle Tab",
              "timedOut": null,
              "duration": 5222,
              "state": "passed",
              "speed": "medium",
              "pass": true,
              "fail": false,
              "pending": false,
              "context": null,
              "code": "cy.get('#opentab').invoke('removeAttr', 'target').click();\ncy.url().should('contains', 'https://www.rahulshettyacademy.com/');\ncy.go('back');",
              "err": {},
              "uuid": "fab1bd10-c222-4c5f-8fba-a287b4e78c39",
              "parentUUID": "ecbd23db-cadd-4373-b8f7-697716a81b1a",
              "isHook": false,
              "skipped": false
            },
            {
              "title": "WebTable validation",
              "fullTitle": "Handle Alert Popup and Child Window WebTable validation",
              "timedOut": null,
              "duration": 2876,
              "state": "passed",
              "speed": "fast",
              "pass": true,
              "fail": false,
              "pending": false,
              "context": null,
              "code": "cy.get('tr td:nth-child(2)').each(($el, index, list) => {\n  var text1 = $el.text();\n  if (text1.includes('Advanced Selenium')) {\n    cy.get('tr td:nth-child(2)').eq(index).next().then(fun => {\n      const text2 = fun.text();\n      cy.log(text2);\n      expect(text2).equal('20');\n    });\n  }\n});",
              "err": {},
              "uuid": "e886ebc8-f405-4f47-bf09-cf45724afa38",
              "parentUUID": "ecbd23db-cadd-4373-b8f7-697716a81b1a",
              "isHook": false,
              "skipped": false
            },
            {
              "title": "Window Handle",
              "fullTitle": "Handle Alert Popup and Child Window Window Handle",
              "timedOut": null,
              "duration": 3617,
              "state": "passed",
              "speed": "fast",
              "pass": true,
              "fail": false,
              "pending": false,
              "context": null,
              "code": "cy.get('#opentab').then(fu => {\n  const url = fu.prop('href');\n  cy.visit(url);\n});",
              "err": {},
              "uuid": "88f6517d-6188-475d-95ed-6233cfcfd281",
              "parentUUID": "ecbd23db-cadd-4373-b8f7-697716a81b1a",
              "isHook": false,
              "skipped": false
            }
          ],
          "suites": [],
          "passes": [
            "f4ec0c74-0f72-4071-8555-851e3faccec1",
            "fab1bd10-c222-4c5f-8fba-a287b4e78c39",
            "e886ebc8-f405-4f47-bf09-cf45724afa38",
            "88f6517d-6188-475d-95ed-6233cfcfd281"
          ],
          "failures": [],
          "pending": [],
          "skipped": [],
          "duration": 22246,
          "root": false,
          "rootEmpty": false,
          "_timeout": 2000
        }
      ],
      "passes": [],
      "failures": [],
      "pending": [],
      "skipped": [],
      "duration": 0,
      "root": true,
      "rootEmpty": true,
      "_timeout": 2000
    }
  ],
  "meta": {
    "mocha": {
      "version": "7.0.1"
    },
    "mochawesome": {
      "options": {
        "quiet": false,
        "reportFilename": "mochawesome",
        "saveHtml": false,
        "saveJson": true,
        "consoleReporter": "spec",
        "useInlineDiffs": false,
        "code": true
      },
      "version": "7.1.3"
    },
    "marge": {
      "options": {
        "charts": true,
        "overwrite": false,
        "html": false,
        "json": true
      },
      "version": "6.2.0"
    }
  }
}