{
  "stats": {
    "suites": 0,
    "tests": 1,
    "passes": 1,
    "pending": 0,
    "failures": 0,
    "start": "2023-01-16T19:25:06.800Z",
    "end": "2023-01-16T19:25:14.197Z",
    "duration": 7397,
    "testsRegistered": 1,
    "passPercent": 100,
    "pendingPercent": 0,
    "other": 0,
    "hasOther": false,
    "skipped": 0,
    "hasSkipped": false
  },
  "results": [
    {
      "uuid": "60c12962-173e-42c6-bc54-6618f805fe78",
      "title": "",
      "fullFile": "cypress\\e2e\\pom.cy.js",
      "file": "cypress\\e2e\\pom.cy.js",
      "beforeHooks": [],
      "afterHooks": [],
      "tests": [
        {
          "title": "POM",
          "fullTitle": "POM",
          "timedOut": null,
          "duration": 2698,
          "state": "passed",
          "speed": "fast",
          "pass": true,
          "fail": false,
          "pending": false,
          "context": null,
          "code": "login.navigate('https://trytestingthis.netlify.app/');\nlogin.userName().type('test');\nlogin.passWord().type('test');\nlogin.submit().click(); //cy.wait(2000);\ncy.get('h4 > a').click();",
          "err": {},
          "uuid": "f5708020-3c80-4e6d-b65c-19444d19d4df",
          "parentUUID": "60c12962-173e-42c6-bc54-6618f805fe78",
          "isHook": false,
          "skipped": false
        }
      ],
      "suites": [],
      "passes": [
        "f5708020-3c80-4e6d-b65c-19444d19d4df"
      ],
      "failures": [],
      "pending": [],
      "skipped": [],
      "duration": 2698,
      "root": true,
      "rootEmpty": false,
      "_timeout": 2000
    }
  ],
  "meta": {
    "mocha": {
      "version": "7.0.1"
    },
    "mochawesome": {
      "options": {
        "quiet": false,
        "reportFilename": "mochawesome",
        "saveHtml": false,
        "saveJson": true,
        "consoleReporter": "spec",
        "useInlineDiffs": false,
        "code": true
      },
      "version": "7.1.3"
    },
    "marge": {
      "options": {
        "charts": true,
        "overwrite": false,
        "html": false,
        "json": true
      },
      "version": "6.2.0"
    }
  }
}