{
  "stats": {
    "suites": 1,
    "tests": 1,
    "passes": 1,
    "pending": 1,
    "failures": -1,
    "start": "2023-01-16T19:23:25.363Z",
    "end": "2023-01-16T19:23:37.908Z",
    "duration": 12545,
    "testsRegistered": 2,
    "passPercent": 100,
    "pendingPercent": 50,
    "other": 1,
    "hasOther": true,
    "skipped": 0,
    "hasSkipped": false
  },
  "results": [
    {
      "uuid": "0bf71c08-cbbd-4b72-a51f-333a15a60494",
      "title": "",
      "fullFile": "cypress\\e2e\\checkBox_StaticDynamicDropdown.cy.js",
      "file": "cypress\\e2e\\checkBox_StaticDynamicDropdown.cy.js",
      "beforeHooks": [],
      "afterHooks": [],
      "tests": [],
      "suites": [
        {
          "uuid": "ce0d862d-785a-4e67-aba7-8ed6ede531d8",
          "title": "Chebox Validation_StaticAndDynamicDropdown",
          "fullFile": "",
          "file": "",
          "beforeHooks": [],
          "afterHooks": [],
          "tests": [
            {
              "title": "checkBoxValidation",
              "fullTitle": "Chebox Validation_StaticAndDynamicDropdown checkBoxValidation",
              "timedOut": null,
              "duration": 0,
              "state": "pending",
              "speed": null,
              "pass": false,
              "fail": false,
              "pending": true,
              "context": null,
              "code": "",
              "err": {},
              "uuid": "83cdafd8-f9c5-466d-9d3b-567540c416b8",
              "parentUUID": "ce0d862d-785a-4e67-aba7-8ed6ede531d8",
              "isHook": false,
              "skipped": false
            },
            {
              "title": "staticAndDynamicDropdown",
              "fullTitle": "Chebox Validation_StaticAndDynamicDropdown staticAndDynamicDropdown",
              "timedOut": null,
              "duration": 7659,
              "state": "passed",
              "speed": "medium",
              "pass": true,
              "fail": false,
              "pending": false,
              "context": null,
              "code": "cy.get('select').select('Option2'); //if dropdown is dynamic\ncy.get('#autocomplete').type('ind');\ncy.get('.ui-menu-item-wrapper').each(($el, index, list) => {\n  //    var cCode= $el.text()\n  //    if(cCode.includes('India')){\n  //     $el.trigger('click')\n  //    } or\n  if ($el.text() === 'India') {\n    $el.trigger('click');\n  }\n});",
              "err": {},
              "uuid": "aad62376-5571-4286-b132-ef5c2fcb45fb",
              "parentUUID": "ce0d862d-785a-4e67-aba7-8ed6ede531d8",
              "isHook": false,
              "skipped": false
            }
          ],
          "suites": [],
          "passes": [
            "aad62376-5571-4286-b132-ef5c2fcb45fb"
          ],
          "failures": [],
          "pending": [
            "83cdafd8-f9c5-466d-9d3b-567540c416b8"
          ],
          "skipped": [],
          "duration": 7659,
          "root": false,
          "rootEmpty": false,
          "_timeout": 2000
        }
      ],
      "passes": [],
      "failures": [],
      "pending": [],
      "skipped": [],
      "duration": 0,
      "root": true,
      "rootEmpty": true,
      "_timeout": 2000
    }
  ],
  "meta": {
    "mocha": {
      "version": "7.0.1"
    },
    "mochawesome": {
      "options": {
        "quiet": false,
        "reportFilename": "mochawesome",
        "saveHtml": false,
        "saveJson": true,
        "consoleReporter": "spec",
        "useInlineDiffs": false,
        "code": true
      },
      "version": "7.1.3"
    },
    "marge": {
      "options": {
        "charts": true,
        "overwrite": false,
        "html": false,
        "json": true
      },
      "version": "6.2.0"
    }
  }
}